Crash Annotation GraphicsCriticalError: |[0][GFX1-]: glxtest: libpci missing (t=1.2713) [GFX1-]: glxtest: libpci missing
Crash Annotation GraphicsCriticalError: |[0][GFX1-]: glxtest: libpci missing (t=1.2713) |[1][GFX1-]: glxtest: libEGL missing (t=1.27134) [GFX1-]: glxtest: libEGL missing
Crash Annotation GraphicsCriticalError: |[0][GFX1-]: glxtest: libpci missing (t=1.2713) |[1][GFX1-]: glxtest: libEGL missing (t=1.27134) |[2][GFX1-]: glxtest: libGL.so.1 missing (t=1.27137) [GFX1-]: glxtest: libGL.so.1 missing
Crash Annotation GraphicsCriticalError: |[0][GFX1-]: glxtest: libpci missing (t=1.2713) |[1][GFX1-]: glxtest: libEGL missing (t=1.27134) |[2][GFX1-]: glxtest: libGL.so.1 missing (t=1.27137) |[3][GFX1-]: glxtest: libEGL missing (t=1.27138) [GFX1-]: glxtest: libEGL missing
Crash Annotation GraphicsCriticalError: |[0][GFX1-]: glxtest: libpci missing (t=1.2713) |[1][GFX1-]: glxtest: libEGL missing (t=1.27134) |[2][GFX1-]: glxtest: libGL.so.1 missing (t=1.27137) |[3][GFX1-]: glxtest: libEGL missing (t=1.27138) |[4][GFX1-]: No GPUs detected via PCI (t=1.27142) [GFX1-]: No GPUs detected via PCI
Crash Annotation GraphicsCriticalError: |[0][GFX1-]: glxtest: libpci missing (t=1.0646) [GFX1-]: glxtest: libpci missing
Crash Annotation GraphicsCriticalError: |[0][GFX1-]: glxtest: libpci missing (t=1.0646) |[1][GFX1-]: glxtest: libEGL missing (t=1.06465) [GFX1-]: glxtest: libEGL missing
Crash Annotation GraphicsCriticalError: |[0][GFX1-]: glxtest: libpci missing (t=1.0646) |[1][GFX1-]: glxtest: libEGL missing (t=1.06465) |[2][GFX1-]: glxtest: libGL.so.1 missing (t=1.06469) [GFX1-]: glxtest: libGL.so.1 missing
Crash Annotation GraphicsCriticalError: |[0][GFX1-]: glxtest: libpci missing (t=1.0646) |[1][GFX1-]: glxtest: libEGL missing (t=1.06465) |[2][GFX1-]: glxtest: libGL.so.1 missing (t=1.06469) |[3][GFX1-]: glxtest: libEGL missing (t=1.0647) [GFX1-]: glxtest: libEGL missing
Crash Annotation GraphicsCriticalError: |[0][GFX1-]: glxtest: libpci missing (t=1.0646) |[1][GFX1-]: glxtest: libEGL missing (t=1.06465) |[2][GFX1-]: glxtest: libGL.so.1 missing (t=1.06469) |[3][GFX1-]: glxtest: libEGL missing (t=1.0647) |[4][GFX1-]: No GPUs detected via PCI (t=1.06472) [GFX1-]: No GPUs detected via PCI
Crash Annotation GraphicsCriticalError: |[0][GFX1-]: glxtest: libpci missing (t=0.997115) [GFX1-]: glxtest: libpci missing
Crash Annotation GraphicsCriticalError: |[0][GFX1-]: glxtest: libpci missing (t=0.997115) |[1][GFX1-]: glxtest: libEGL missing (t=0.997163) [GFX1-]: glxtest: libEGL missing
Crash Annotation GraphicsCriticalError: |[0][GFX1-]: glxtest: libpci missing (t=0.997115) |[1][GFX1-]: glxtest: libEGL missing (t=0.997163) |[2][GFX1-]: glxtest: libGL.so.1 missing (t=0.997178) [GFX1-]: glxtest: libGL.so.1 missing
Crash Annotation GraphicsCriticalError: |[0][GFX1-]: glxtest: libpci missing (t=0.997115) |[1][GFX1-]: glxtest: libEGL missing (t=0.997163) |[2][GFX1-]: glxtest: libGL.so.1 missing (t=0.997178) |[3][GFX1-]: glxtest: libEGL missing (t=0.997192) [GFX1-]: glxtest: libEGL missing
Crash Annotation GraphicsCriticalError: |[0][GFX1-]: glxtest: libpci missing (t=0.997115) |[1][GFX1-]: glxtest: libEGL missing (t=0.997163) |[2][GFX1-]: glxtest: libGL.so.1 missing (t=0.997178) |[3][GFX1-]: glxtest: libEGL missing (t=0.997192) |[4][GFX1-]: No GPUs detected via PCI (t=0.997212) [GFX1-]: No GPUs detected via PCI
Crash Annotation GraphicsCriticalError: |[0][GFX1-]: glxtest: libpci missing (t=1.06328) [GFX1-]: glxtest: libpci missing
Crash Annotation GraphicsCriticalError: |[0][GFX1-]: glxtest: libpci missing (t=1.06328) |[1][GFX1-]: glxtest: libEGL missing (t=1.06332) [GFX1-]: glxtest: libEGL missing
Crash Annotation GraphicsCriticalError: |[0][GFX1-]: glxtest: libpci missing (t=1.06328) |[1][GFX1-]: glxtest: libEGL missing (t=1.06332) |[2][GFX1-]: glxtest: libGL.so.1 missing (t=1.06334) [GFX1-]: glxtest: libGL.so.1 missing
Crash Annotation GraphicsCriticalError: |[0][GFX1-]: glxtest: libpci missing (t=1.06328) |[1][GFX1-]: glxtest: libEGL missing (t=1.06332) |[2][GFX1-]: glxtest: libGL.so.1 missing (t=1.06334) |[3][GFX1-]: glxtest: libEGL missing (t=1.06335) [GFX1-]: glxtest: libEGL missing
Crash Annotation GraphicsCriticalError: |[0][GFX1-]: glxtest: libpci missing (t=1.06328) |[1][GFX1-]: glxtest: libEGL missing (t=1.06332) |[2][GFX1-]: glxtest: libGL.so.1 missing (t=1.06334) |[3][GFX1-]: glxtest: libEGL missing (t=1.06335) |[4][GFX1-]: No GPUs detected via PCI (t=1.06338) [GFX1-]: No GPUs detected via PCI
Crash Annotation GraphicsCriticalError: |[0][GFX1-]: glxtest: libpci missing (t=1.10002) [GFX1-]: glxtest: libpci missing
Crash Annotation GraphicsCriticalError: |[0][GFX1-]: glxtest: libpci missing (t=1.10002) |[1][GFX1-]: glxtest: libEGL missing (t=1.10008) [GFX1-]: glxtest: libEGL missing
Crash Annotation GraphicsCriticalError: |[0][GFX1-]: glxtest: libpci missing (t=1.10002) |[1][GFX1-]: glxtest: libEGL missing (t=1.10008) |[2][GFX1-]: glxtest: libGL.so.1 missing (t=1.1001) [GFX1-]: glxtest: libGL.so.1 missing
Crash Annotation GraphicsCriticalError: |[0][GFX1-]: glxtest: libpci missing (t=1.10002) |[1][GFX1-]: glxtest: libEGL missing (t=1.10008) |[2][GFX1-]: glxtest: libGL.so.1 missing (t=1.1001) |[3][GFX1-]: glxtest: libEGL missing (t=1.10011) [GFX1-]: glxtest: libEGL missing
Crash Annotation GraphicsCriticalError: |[0][GFX1-]: glxtest: libpci missing (t=1.10002) |[1][GFX1-]: glxtest: libEGL missing (t=1.10008) |[2][GFX1-]: glxtest: libGL.so.1 missing (t=1.1001) |[3][GFX1-]: glxtest: libEGL missing (t=1.10011) |[4][GFX1-]: No GPUs detected via PCI (t=1.10014) [GFX1-]: No GPUs detected via PCI
Crash Annotation GraphicsCriticalError: |[0][GFX1-]: glxtest: libpci missing (t=0.986358) [GFX1-]: glxtest: libpci missing
Crash Annotation GraphicsCriticalError: |[0][GFX1-]: glxtest: libpci missing (t=0.986358) |[1][GFX1-]: glxtest: libEGL missing (t=0.986396) [GFX1-]: glxtest: libEGL missing
Crash Annotation GraphicsCriticalError: |[0][GFX1-]: glxtest: libpci missing (t=0.986358) |[1][GFX1-]: glxtest: libEGL missing (t=0.986396) |[2][GFX1-]: glxtest: libGL.so.1 missing (t=0.986411) [GFX1-]: glxtest: libGL.so.1 missing
Crash Annotation GraphicsCriticalError: |[0][GFX1-]: glxtest: libpci missing (t=0.986358) |[1][GFX1-]: glxtest: libEGL missing (t=0.986396) |[2][GFX1-]: glxtest: libGL.so.1 missing (t=0.986411) |[3][GFX1-]: glxtest: libEGL missing (t=0.986426) [GFX1-]: glxtest: libEGL missing
Crash Annotation GraphicsCriticalError: |[0][GFX1-]: glxtest: libpci missing (t=0.986358) |[1][GFX1-]: glxtest: libEGL missing (t=0.986396) |[2][GFX1-]: glxtest: libGL.so.1 missing (t=0.986411) |[3][GFX1-]: glxtest: libEGL missing (t=0.986426) |[4][GFX1-]: No GPUs detected via PCI (t=0.98645) [GFX1-]: No GPUs detected via PCI
Crash Annotation GraphicsCriticalError: |[0][GFX1-]: glxtest: libpci missing (t=1.00251) [GFX1-]: glxtest: libpci missing
Crash Annotation GraphicsCriticalError: |[0][GFX1-]: glxtest: libpci missing (t=1.00251) |[1][GFX1-]: glxtest: libEGL missing (t=1.00255) [GFX1-]: glxtest: libEGL missing
Crash Annotation GraphicsCriticalError: |[0][GFX1-]: glxtest: libpci missing (t=1.00251) |[1][GFX1-]: glxtest: libEGL missing (t=1.00255) |[2][GFX1-]: glxtest: libGL.so.1 missing (t=1.00257) [GFX1-]: glxtest: libGL.so.1 missing
Crash Annotation GraphicsCriticalError: |[0][GFX1-]: glxtest: libpci missing (t=1.00251) |[1][GFX1-]: glxtest: libEGL missing (t=1.00255) |[2][GFX1-]: glxtest: libGL.so.1 missing (t=1.00257) |[3][GFX1-]: glxtest: libEGL missing (t=1.00258) [GFX1-]: glxtest: libEGL missing
Crash Annotation GraphicsCriticalError: |[0][GFX1-]: glxtest: libpci missing (t=1.00251) |[1][GFX1-]: glxtest: libEGL missing (t=1.00255) |[2][GFX1-]: glxtest: libGL.so.1 missing (t=1.00257) |[3][GFX1-]: glxtest: libEGL missing (t=1.00258) |[4][GFX1-]: No GPUs detected via PCI (t=1.0026) [GFX1-]: No GPUs detected via PCI
Crash Annotation GraphicsCriticalError: |[0][GFX1-]: glxtest: libpci missing (t=1.10594) [GFX1-]: glxtest: libpci missing
Crash Annotation GraphicsCriticalError: |[0][GFX1-]: glxtest: libpci missing (t=1.10594) |[1][GFX1-]: glxtest: libEGL missing (t=1.10599) [GFX1-]: glxtest: libEGL missing
Crash Annotation GraphicsCriticalError: |[0][GFX1-]: glxtest: libpci missing (t=1.10594) |[1][GFX1-]: glxtest: libEGL missing (t=1.10599) |[2][GFX1-]: glxtest: libGL.so.1 missing (t=1.106) [GFX1-]: glxtest: libGL.so.1 missing
Crash Annotation GraphicsCriticalError: |[0][GFX1-]: glxtest: libpci missing (t=1.10594) |[1][GFX1-]: glxtest: libEGL missing (t=1.10599) |[2][GFX1-]: glxtest: libGL.so.1 missing (t=1.106) |[3][GFX1-]: glxtest: libEGL missing (t=1.10603) [GFX1-]: glxtest: libEGL missing
Crash Annotation GraphicsCriticalError: |[0][GFX1-]: glxtest: libpci missing (t=1.10594) |[1][GFX1-]: glxtest: libEGL missing (t=1.10599) |[2][GFX1-]: glxtest: libGL.so.1 missing (t=1.106) |[3][GFX1-]: glxtest: libEGL missing (t=1.10603) |[4][GFX1-]: No GPUs detected via PCI (t=1.10605) [GFX1-]: No GPUs detected via PCI
Crash Annotation GraphicsCriticalError: |[0][GFX1-]: glxtest: libpci missing (t=1.02766) [GFX1-]: glxtest: libpci missing
Crash Annotation GraphicsCriticalError: |[0][GFX1-]: glxtest: libpci missing (t=1.02766) |[1][GFX1-]: glxtest: libEGL missing (t=1.02772) [GFX1-]: glxtest: libEGL missing
Crash Annotation GraphicsCriticalError: |[0][GFX1-]: glxtest: libpci missing (t=1.02766) |[1][GFX1-]: glxtest: libEGL missing (t=1.02772) |[2][GFX1-]: glxtest: libGL.so.1 missing (t=1.02774) [GFX1-]: glxtest: libGL.so.1 missing
Crash Annotation GraphicsCriticalError: |[0][GFX1-]: glxtest: libpci missing (t=1.02766) |[1][GFX1-]: glxtest: libEGL missing (t=1.02772) |[2][GFX1-]: glxtest: libGL.so.1 missing (t=1.02774) |[3][GFX1-]: glxtest: libEGL missing (t=1.02775) [GFX1-]: glxtest: libEGL missing
Crash Annotation GraphicsCriticalError: |[0][GFX1-]: glxtest: libpci missing (t=1.02766) |[1][GFX1-]: glxtest: libEGL missing (t=1.02772) |[2][GFX1-]: glxtest: libGL.so.1 missing (t=1.02774) |[3][GFX1-]: glxtest: libEGL missing (t=1.02775) |[4][GFX1-]: No GPUs detected via PCI (t=1.02778) [GFX1-]: No GPUs detected via PCI
Crash Annotation GraphicsCriticalError: |[0][GFX1-]: glxtest: libpci missing (t=0.9656) [GFX1-]: glxtest: libpci missing
Crash Annotation GraphicsCriticalError: |[0][GFX1-]: glxtest: libpci missing (t=0.9656) |[1][GFX1-]: glxtest: libEGL missing (t=0.965658) [GFX1-]: glxtest: libEGL missing
Crash Annotation GraphicsCriticalError: |[0][GFX1-]: glxtest: libpci missing (t=0.9656) |[1][GFX1-]: glxtest: libEGL missing (t=0.965658) |[2][GFX1-]: glxtest: libGL.so.1 missing (t=0.965673) [GFX1-]: glxtest: libGL.so.1 missing
Crash Annotation GraphicsCriticalError: |[0][GFX1-]: glxtest: libpci missing (t=0.9656) |[1][GFX1-]: glxtest: libEGL missing (t=0.965658) |[2][GFX1-]: glxtest: libGL.so.1 missing (t=0.965673) |[3][GFX1-]: glxtest: libEGL missing (t=0.965688) [GFX1-]: glxtest: libEGL missing
Crash Annotation GraphicsCriticalError: |[0][GFX1-]: glxtest: libpci missing (t=0.9656) |[1][GFX1-]: glxtest: libEGL missing (t=0.965658) |[2][GFX1-]: glxtest: libGL.so.1 missing (t=0.965673) |[3][GFX1-]: glxtest: libEGL missing (t=0.965688) |[4][GFX1-]: No GPUs detected via PCI (t=0.965708) [GFX1-]: No GPUs detected via PCI
Crash Annotation GraphicsCriticalError: |[0][GFX1-]: glxtest: libpci missing (t=0.965374) [GFX1-]: glxtest: libpci missing
Crash Annotation GraphicsCriticalError: |[0][GFX1-]: glxtest: libpci missing (t=0.965374) |[1][GFX1-]: glxtest: libEGL missing (t=0.965436) [GFX1-]: glxtest: libEGL missing
Crash Annotation GraphicsCriticalError: |[0][GFX1-]: glxtest: libpci missing (t=0.965374) |[1][GFX1-]: glxtest: libEGL missing (t=0.965436) |[2][GFX1-]: glxtest: libGL.so.1 missing (t=0.965451) [GFX1-]: glxtest: libGL.so.1 missing
Crash Annotation GraphicsCriticalError: |[0][GFX1-]: glxtest: libpci missing (t=0.965374) |[1][GFX1-]: glxtest: libEGL missing (t=0.965436) |[2][GFX1-]: glxtest: libGL.so.1 missing (t=0.965451) |[3][GFX1-]: glxtest: libEGL missing (t=0.965465) [GFX1-]: glxtest: libEGL missing
Crash Annotation GraphicsCriticalError: |[0][GFX1-]: glxtest: libpci missing (t=0.965374) |[1][GFX1-]: glxtest: libEGL missing (t=0.965436) |[2][GFX1-]: glxtest: libGL.so.1 missing (t=0.965451) |[3][GFX1-]: glxtest: libEGL missing (t=0.965465) |[4][GFX1-]: No GPUs detected via PCI (t=0.965485) [GFX1-]: No GPUs detected via PCI
Crash Annotation GraphicsCriticalError: |[0][GFX1-]: glxtest: libpci missing (t=1.11257) [GFX1-]: glxtest: libpci missing
Crash Annotation GraphicsCriticalError: |[0][GFX1-]: glxtest: libpci missing (t=1.11257) |[1][GFX1-]: glxtest: libEGL missing (t=1.11263) [GFX1-]: glxtest: libEGL missing
Crash Annotation GraphicsCriticalError: |[0][GFX1-]: glxtest: libpci missing (t=1.11257) |[1][GFX1-]: glxtest: libEGL missing (t=1.11263) |[2][GFX1-]: glxtest: libGL.so.1 missing (t=1.11266) [GFX1-]: glxtest: libGL.so.1 missing
Crash Annotation GraphicsCriticalError: |[0][GFX1-]: glxtest: libpci missing (t=1.11257) |[1][GFX1-]: glxtest: libEGL missing (t=1.11263) |[2][GFX1-]: glxtest: libGL.so.1 missing (t=1.11266) |[3][GFX1-]: glxtest: libEGL missing (t=1.11267) [GFX1-]: glxtest: libEGL missing
Crash Annotation GraphicsCriticalError: |[0][GFX1-]: glxtest: libpci missing (t=1.11257) |[1][GFX1-]: glxtest: libEGL missing (t=1.11263) |[2][GFX1-]: glxtest: libGL.so.1 missing (t=1.11266) |[3][GFX1-]: glxtest: libEGL missing (t=1.11267) |[4][GFX1-]: No GPUs detected via PCI (t=1.11269) [GFX1-]: No GPUs detected via PCI
Crash Annotation GraphicsCriticalError: |[0][GFX1-]: glxtest: libpci missing (t=0.94505) [GFX1-]: glxtest: libpci missing
Crash Annotation GraphicsCriticalError: |[0][GFX1-]: glxtest: libpci missing (t=0.94505) |[1][GFX1-]: glxtest: libEGL missing (t=0.945103) [GFX1-]: glxtest: libEGL missing
Crash Annotation GraphicsCriticalError: |[0][GFX1-]: glxtest: libpci missing (t=0.94505) |[1][GFX1-]: glxtest: libEGL missing (t=0.945103) |[2][GFX1-]: glxtest: libGL.so.1 missing (t=0.945119) [GFX1-]: glxtest: libGL.so.1 missing
Crash Annotation GraphicsCriticalError: |[0][GFX1-]: glxtest: libpci missing (t=0.94505) |[1][GFX1-]: glxtest: libEGL missing (t=0.945103) |[2][GFX1-]: glxtest: libGL.so.1 missing (t=0.945119) |[3][GFX1-]: glxtest: libEGL missing (t=0.945133) [GFX1-]: glxtest: libEGL missing
Crash Annotation GraphicsCriticalError: |[0][GFX1-]: glxtest: libpci missing (t=0.94505) |[1][GFX1-]: glxtest: libEGL missing (t=0.945103) |[2][GFX1-]: glxtest: libGL.so.1 missing (t=0.945119) |[3][GFX1-]: glxtest: libEGL missing (t=0.945133) |[4][GFX1-]: No GPUs detected via PCI (t=0.945153) [GFX1-]: No GPUs detected via PCI
